This file contains any messages produced by compilers while
running configure, to aid debugging if configure makes a mistake.

It was created by configure, which was
generated by GNU Autoconf 2.69.  Invocation command line was

  $ ./configure --with-gtk3

## --------- ##
## Platform. ##
## --------- ##

hostname = hdsobcpl
uname -m = x86_64
uname -r = 3.10.0-693.21.1.el7.x86_64
uname -s = Linux
uname -v = #1 SMP Wed Mar 7 19:03:37 UTC 2018

/usr/bin/uname -p = x86_64
/bin/uname -X     = unknown

/bin/arch              = x86_64
/usr/bin/arch -k       = unknown
/usr/convex/getsysinfo = unknown
/usr/bin/hostinfo      = unknown
/bin/machine           = unknown
/usr/bin/oslevel       = unknown
/bin/universe          = unknown

PATH: /usr/local/bin
PATH: /usr/bin
PATH: /usr/local/sbin
PATH: /usr/sbin
PATH: /opt/dell/srvadmin/bin
PATH: /home/hdsuser/.local/bin
PATH: /home/hdsuser/bin
PATH: /home/hdsuser/jdk1.8.0_40/bin
PATH: /home/hdsuser/.local/bin
PATH: /home/hdsuser/bin
PATH: /home/hdsuser/jdk1.8.0_40/bin


## ----------- ##
## Core tests. ##
## ----------- ##

configure:2172: checking build system type
configure:2186: result: x86_64-redhat-linux-gnu
configure:2206: checking host system type
configure:2219: result: x86_64-redhat-linux-gnu
configure:2239: checking target system type
configure:2252: result: x86_64-redhat-linux-gnu
configure:2296: checking for a BSD-compatible install
configure:2364: result: /usr/bin/install -c
configure:2375: checking whether build environment is sane
configure:2430: result: yes
configure:2468: WARNING: 'missing' script is too old or missing
configure:2581: checking for a thread-safe mkdir -p
configure:2620: result: /usr/bin/mkdir -p
configure:2627: checking for gawk
configure:2643: found /usr/bin/gawk
configure:2654: result: gawk
configure:2665: checking whether make sets $(MAKE)
configure:2687: result: yes
configure:2716: checking whether make supports nested variables
configure:2733: result: yes
configure:2863: checking for gcc
configure:2879: found /usr/bin/gcc
configure:2890: result: gcc
configure:3119: checking for C compiler version
configure:3128: gcc --version >&5
gcc (GCC) 4.8.5 20150623 (Red Hat 4.8.5-16)
Copyright (C) 2015 Free Software Foundation, Inc.
This is free software; see the source for copying conditions.  There is NO
warranty; not even for MERCHANTABILITY or FITNESS FOR A PARTICULAR PURPOSE.

configure:3139: $? = 0
configure:3128: gcc -v >&5
Using built-in specs.
COLLECT_GCC=gcc
COLLECT_LTO_WRAPPER=/usr/libexec/gcc/x86_64-redhat-linux/4.8.5/lto-wrapper
Target: x86_64-redhat-linux
Configured with: ../configure --prefix=/usr --mandir=/usr/share/man --infodir=/usr/share/info --with-bugurl=http://bugzilla.redhat.com/bugzilla --enable-bootstrap --enable-shared --enable-threads=posix --enable-checking=release --with-system-zlib --enable-__cxa_atexit --disable-libunwind-exceptions --enable-gnu-unique-object --enable-linker-build-id --with-linker-hash-style=gnu --enable-languages=c,c++,objc,obj-c++,java,fortran,ada,go,lto --enable-plugin --enable-initfini-array --disable-libgcj --with-isl=/builddir/build/BUILD/gcc-4.8.5-20150702/obj-x86_64-redhat-linux/isl-install --with-cloog=/builddir/build/BUILD/gcc-4.8.5-20150702/obj-x86_64-redhat-linux/cloog-install --enable-gnu-indirect-function --with-tune=generic --with-arch_32=x86-64 --build=x86_64-redhat-linux
Thread model: posix
gcc version 4.8.5 20150623 (Red Hat 4.8.5-16) (GCC) 
configure:3139: $? = 0
configure:3128: gcc -V >&5
gcc: error: unrecognized command line option '-V'
gcc: fatal error: no input files
compilation terminated.
configure:3139: $? = 4
configure:3128: gcc -qversion >&5
gcc: error: unrecognized command line option '-qversion'
gcc: fatal error: no input files
compilation terminated.
configure:3139: $? = 4
configure:3159: checking whether the C compiler works
configure:3181: gcc    conftest.c  >&5
configure:3185: $? = 0
configure:3233: result: yes
configure:3236: checking for C compiler default output file name
configure:3238: result: a.out
configure:3244: checking for suffix of executables
configure:3251: gcc -o conftest    conftest.c  >&5
configure:3255: $? = 0
configure:3277: result: 
configure:3299: checking whether we are cross compiling
configure:3307: gcc -o conftest    conftest.c  >&5
configure:3311: $? = 0
configure:3318: ./conftest
configure:3322: $? = 0
configure:3337: result: no
configure:3342: checking for suffix of object files
configure:3364: gcc -c   conftest.c >&5
configure:3368: $? = 0
configure:3389: result: o
configure:3393: checking whether we are using the GNU C compiler
configure:3412: gcc -c   conftest.c >&5
configure:3412: $? = 0
configure:3421: result: yes
configure:3430: checking whether gcc accepts -g
configure:3450: gcc -c -g  conftest.c >&5
configure:3450: $? = 0
configure:3491: result: yes
configure:3508: checking for gcc option to accept ISO C89
configure:3571: gcc  -c -g -O2  conftest.c >&5
configure:3571: $? = 0
configure:3584: result: none needed
configure:3615: checking for style of include used by make
configure:3643: result: GNU
configure:3669: checking dependency style of gcc
configure:3780: result: gcc3
configure:3796: checking whether make sets $(MAKE)
configure:3818: result: yes
configure:3913: checking for pkg-config
configure:3931: found /usr/bin/pkg-config
configure:3943: result: /usr/bin/pkg-config
configure:3968: checking pkg-config is at least version 0.16
configure:3971: result: yes
configure:3988: checking for GLIB - version >= 2.32.0
configure:4100: gcc -o conftest -g -O2 -pthread -I/usr/include/glib-2.0 -I/usr/lib64/glib-2.0/include     conftest.c -pthread -lgthread-2.0 -lgobject-2.0 -lglib-2.0    >&5
configure:4100: $? = 0
configure:4100: ./conftest
configure:4100: $? = 0
configure:4114: result: yes (version 2.50.3)
configure:4535: checking for OPENSSL
configure:4542: $PKG_CONFIG --exists --print-errors "openssl"
configure:4545: $? = 0
configure:4559: $PKG_CONFIG --exists --print-errors "openssl"
configure:4562: $? = 0
configure:4600: result: yes
configure:4607: checking if openssl is available
configure:4609: result: yes
configure:4671: checking how to run the C preprocessor
configure:4702: gcc -E  conftest.c
configure:4702: $? = 0
configure:4716: gcc -E  conftest.c
conftest.c:11:28: fatal error: ac_nonexistent.h: No such file or directory
 #include <ac_nonexistent.h>
                            ^
compilation terminated.
configure:4716: $? = 1
configure: failed program was:
| /* confdefs.h */
| #define PACKAGE_NAME ""
| #define PACKAGE_TARNAME ""
| #define PACKAGE_VERSION ""
| #define PACKAGE_STRING ""
| #define PACKAGE_BUGREPORT ""
| #define PACKAGE_URL ""
| #define USE_GTK3 /**/
| #define USE_SSL 1
| /* end confdefs.h.  */
| #include <ac_nonexistent.h>
configure:4741: result: gcc -E
configure:4761: gcc -E  conftest.c
configure:4761: $? = 0
configure:4775: gcc -E  conftest.c
conftest.c:11:28: fatal error: ac_nonexistent.h: No such file or directory
 #include <ac_nonexistent.h>
                            ^
compilation terminated.
configure:4775: $? = 1
configure: failed program was:
| /* confdefs.h */
| #define PACKAGE_NAME ""
| #define PACKAGE_TARNAME ""
| #define PACKAGE_VERSION ""
| #define PACKAGE_STRING ""
| #define PACKAGE_BUGREPORT ""
| #define PACKAGE_URL ""
| #define USE_GTK3 /**/
| #define USE_SSL 1
| /* end confdefs.h.  */
| #include <ac_nonexistent.h>
configure:4804: checking for grep that handles long lines and -e
configure:4862: result: /usr/bin/grep
configure:4867: checking for egrep
configure:4929: result: /usr/bin/grep -E
configure:4934: checking for ANSI C header files
configure:4954: gcc -c -g -O2    conftest.c >&5
configure:4954: $? = 0
configure:5027: gcc -o conftest -g -O2     conftest.c  -lssl -lcrypto   >&5
configure:5027: $? = 0
configure:5027: ./conftest
configure:5027: $? = 0
configure:5038: result: yes
configure:5051: checking for sys/types.h
configure:5051: gcc -c -g -O2    conftest.c >&5
configure:5051: $? = 0
configure:5051: result: yes
configure:5051: checking for sys/stat.h
configure:5051: gcc -c -g -O2    conftest.c >&5
configure:5051: $? = 0
configure:5051: result: yes
configure:5051: checking for stdlib.h
configure:5051: gcc -c -g -O2    conftest.c >&5
configure:5051: $? = 0
configure:5051: result: yes
configure:5051: checking for string.h
configure:5051: gcc -c -g -O2    conftest.c >&5
configure:5051: $? = 0
configure:5051: result: yes
configure:5051: checking for memory.h
configure:5051: gcc -c -g -O2    conftest.c >&5
configure:5051: $? = 0
configure:5051: result: yes
configure:5051: checking for strings.h
configure:5051: gcc -c -g -O2    conftest.c >&5
configure:5051: $? = 0
configure:5051: result: yes
configure:5051: checking for inttypes.h
configure:5051: gcc -c -g -O2    conftest.c >&5
configure:5051: $? = 0
configure:5051: result: yes
configure:5051: checking for stdint.h
configure:5051: gcc -c -g -O2    conftest.c >&5
configure:5051: $? = 0
configure:5051: result: yes
configure:5051: checking for unistd.h
configure:5051: gcc -c -g -O2    conftest.c >&5
configure:5051: $? = 0
configure:5051: result: yes
configure:5066: checking pwd.h usability
configure:5066: gcc -c -g -O2    conftest.c >&5
configure:5066: $? = 0
configure:5066: result: yes
configure:5066: checking pwd.h presence
configure:5066: gcc -E  conftest.c
configure:5066: $? = 0
configure:5066: result: yes
configure:5066: checking for pwd.h
configure:5066: result: yes
configure:5066: checking sys/utsname.h usability
configure:5066: gcc -c -g -O2    conftest.c >&5
configure:5066: $? = 0
configure:5066: result: yes
configure:5066: checking sys/utsname.h presence
configure:5066: gcc -E  conftest.c
configure:5066: $? = 0
configure:5066: result: yes
configure:5066: checking for sys/utsname.h
configure:5066: result: yes
configure:5187: checking that generated files are newer than configure
configure:5193: result: done
configure:5216: creating ./config.status

## ---------------------- ##
## Running config.status. ##
## ---------------------- ##

This file was extended by config.status, which was
generated by GNU Autoconf 2.69.  Invocation command line was

  CONFIG_FILES    = 
  CONFIG_HEADERS  = 
  CONFIG_LINKS    = 
  CONFIG_COMMANDS = 
  $ ./config.status 

on hdsobcpl

config.status:888: creating Makefile
config.status:888: creating icons/Makefile
config.status:888: creating version.h
config.status:888: creating config.h
config.status:1117: executing depfiles commands

## ---------------- ##
## Cache variables. ##
## ---------------- ##

ac_cv_build=x86_64-redhat-linux-gnu
ac_cv_c_compiler_gnu=yes
ac_cv_env_CC_set=
ac_cv_env_CC_value=
ac_cv_env_CFLAGS_set=
ac_cv_env_CFLAGS_value=
ac_cv_env_CPPFLAGS_set=
ac_cv_env_CPPFLAGS_value=
ac_cv_env_CPP_set=
ac_cv_env_CPP_value=
ac_cv_env_LDFLAGS_set=
ac_cv_env_LDFLAGS_value=
ac_cv_env_LIBS_set=
ac_cv_env_LIBS_value=
ac_cv_env_OPENSSL_CFLAGS_set=
ac_cv_env_OPENSSL_CFLAGS_value=
ac_cv_env_OPENSSL_LIBS_set=
ac_cv_env_OPENSSL_LIBS_value=
ac_cv_env_PKG_CONFIG_LIBDIR_set=
ac_cv_env_PKG_CONFIG_LIBDIR_value=
ac_cv_env_PKG_CONFIG_PATH_set=
ac_cv_env_PKG_CONFIG_PATH_value=
ac_cv_env_PKG_CONFIG_set=
ac_cv_env_PKG_CONFIG_value=
ac_cv_env_build_alias_set=
ac_cv_env_build_alias_value=
ac_cv_env_host_alias_set=
ac_cv_env_host_alias_value=
ac_cv_env_target_alias_set=
ac_cv_env_target_alias_value=
ac_cv_header_inttypes_h=yes
ac_cv_header_memory_h=yes
ac_cv_header_pwd_h=yes
ac_cv_header_stdc=yes
ac_cv_header_stdint_h=yes
ac_cv_header_stdlib_h=yes
ac_cv_header_string_h=yes
ac_cv_header_strings_h=yes
ac_cv_header_sys_stat_h=yes
ac_cv_header_sys_types_h=yes
ac_cv_header_sys_utsname_h=yes
ac_cv_header_unistd_h=yes
ac_cv_host=x86_64-redhat-linux-gnu
ac_cv_objext=o
ac_cv_path_EGREP='/usr/bin/grep -E'
ac_cv_path_GREP=/usr/bin/grep
ac_cv_path_ac_pt_PKG_CONFIG=/usr/bin/pkg-config
ac_cv_path_install='/usr/bin/install -c'
ac_cv_path_mkdir=/usr/bin/mkdir
ac_cv_prog_AWK=gawk
ac_cv_prog_CPP='gcc -E'
ac_cv_prog_ac_ct_CC=gcc
ac_cv_prog_cc_c89=
ac_cv_prog_cc_g=yes
ac_cv_prog_make_make_set=yes
ac_cv_target=x86_64-redhat-linux-gnu
am_cv_CC_dependencies_compiler_type=gcc3
am_cv_make_support_nested_variables=yes
pkg_cv_OPENSSL_CFLAGS=' '
pkg_cv_OPENSSL_LIBS='-lssl -lcrypto  '

## ----------------- ##
## Output variables. ##
## ----------------- ##

ACLOCAL='aclocal-1.13'
AMDEPBACKSLASH='\'
AMDEP_FALSE='#'
AMDEP_TRUE=''
AMTAR='$${TAR-tar}'
AM_BACKSLASH='\'
AM_DEFAULT_V='$(AM_DEFAULT_VERBOSITY)'
AM_DEFAULT_VERBOSITY='1'
AM_V='$(V)'
AUTOCONF='autoconf'
AUTOHEADER='autoheader'
AUTOMAKE='automake-1.13'
AWK='gawk'
CC='gcc'
CCDEPMODE='depmode=gcc3'
CFITSIO_CFLAGS='-I/usr/include/cfitsio'
CFITSIO_LIBS='-L/usr/lib64 -lcfitsio -lnsl'
CFLAGS='-g -O2  '
CPP='gcc -E'
CPPFLAGS=''
CYGPATH_W='echo'
DEFS='-DHAVE_CONFIG_H'
DEPDIR='.deps'
ECHO_C=''
ECHO_N='-n'
ECHO_T=''
EGREP='/usr/bin/grep -E'
EXEEXT=''
GLIB_CFLAGS='-pthread -I/usr/include/glib-2.0 -I/usr/lib64/glib-2.0/include  '
GLIB_COMPILE_RESOURCES='glib-compile-resources'
GLIB_GENMARSHAL='glib-genmarshal'
GLIB_LIBS='-pthread -lgthread-2.0 -lgobject-2.0 -lglib-2.0  '
GLIB_MKENUMS='glib-mkenums'
GOBJECT_QUERY='gobject-query'
GREP='/usr/bin/grep'
GTK3_CFLAGS='-pthread -I/usr/include/gtk-3.0 -I/usr/include/atk-1.0 -I/usr/include/at-spi2-atk/2.0 -I/usr/include/pango-1.0 -I/usr/include/gio-unix-2.0/ -I/usr/include/cairo -I/usr/include/gdk-pixbuf-2.0 -I/usr/include/glib-2.0 -I/usr/lib64/glib-2.0/include -I/usr/include/at-spi-2.0 -I/usr/include/dbus-1.0 -I/usr/lib64/dbus-1.0/include -I/usr/include/harfbuzz -I/usr/include/freetype2 -I/usr/include/pixman-1 -I/usr/include/libpng15 -I/usr/include/libdrm  '
GTK3_LIBS='-lgtk-3 -lgdk-3 -latk-1.0 -lgio-2.0 -lpangocairo-1.0 -lgdk_pixbuf-2.0 -lcairo-gobject -lpango-1.0 -lcairo -lgobject-2.0 -lglib-2.0  '
GTK_CFLAGS=''
GTK_LIBS=''
INSTALL_DATA='${INSTALL} -m 644'
INSTALL_PROGRAM='${INSTALL}'
INSTALL_SCRIPT='${INSTALL}'
INSTALL_STRIP_PROGRAM='$(install_sh) -c -s'
LDFLAGS=''
LIBOBJS=''
LIBS=' -lssl -lcrypto  '
LTLIBOBJS=''
MAKEINFO='makeinfo'
MKDIR_P='/usr/bin/mkdir -p'
OBJEXT='o'
OPENSSL_CFLAGS=' '
OPENSSL_LIBS='-lssl -lcrypto  '
PACKAGE='hdslog'
PACKAGE_BUGREPORT=''
PACKAGE_NAME=''
PACKAGE_STRING=''
PACKAGE_TARNAME=''
PACKAGE_URL=''
PACKAGE_VERSION=''
PATH_SEPARATOR=':'
PKG_CONFIG='/usr/bin/pkg-config'
PKG_CONFIG_LIBDIR=''
PKG_CONFIG_PATH=''
SET_MAKE=''
SHELL='/bin/sh'
STRIP=''
VERSION='1.2.0-20191226'
ac_ct_CC='gcc'
am__EXEEXT_FALSE=''
am__EXEEXT_TRUE='#'
am__fastdepCC_FALSE='#'
am__fastdepCC_TRUE=''
am__include='include'
am__isrc=''
am__leading_dot='.'
am__nodep='_no'
am__quote=''
am__tar='$${TAR-tar} chof - "$$tardir"'
am__untar='$${TAR-tar} xf -'
bindir='${exec_prefix}/bin'
build='x86_64-redhat-linux-gnu'
build_alias=''
build_cpu='x86_64'
build_os='linux-gnu'
build_vendor='redhat'
datadir='${datarootdir}'
datarootdir='${prefix}/share'
docdir='${datarootdir}/doc/${PACKAGE}'
dvidir='${docdir}'
exec_prefix='${prefix}'
host='x86_64-redhat-linux-gnu'
host_alias=''
host_cpu='x86_64'
host_os='linux-gnu'
host_vendor='redhat'
htmldir='${docdir}'
includedir='${prefix}/include'
infodir='${datarootdir}/info'
install_sh='${SHELL} /home/hdsuser/Src/hdslog/install-sh'
libdir='${exec_prefix}/lib'
libexecdir='${exec_prefix}/libexec'
localedir='${datarootdir}/locale'
localstatedir='${prefix}/var'
mandir='${datarootdir}/man'
mkdir_p='$(MKDIR_P)'
oldincludedir='/usr/include'
pdfdir='${docdir}'
prefix='/usr/local'
program_transform_name='s,x,x,'
psdir='${docdir}'
sbindir='${exec_prefix}/sbin'
sharedstatedir='${prefix}/com'
sysconfdir='${prefix}/etc'
target='x86_64-redhat-linux-gnu'
target_alias=''
target_cpu='x86_64'
target_os='linux-gnu'
target_vendor='redhat'

## ----------- ##
## confdefs.h. ##
## ----------- ##

/* confdefs.h */
#define PACKAGE_NAME ""
#define PACKAGE_TARNAME ""
#define PACKAGE_VERSION ""
#define PACKAGE_STRING ""
#define PACKAGE_BUGREPORT ""
#define PACKAGE_URL ""
#define USE_GTK3 /**/
#define USE_SSL 1
#define STDC_HEADERS 1
#define HAVE_SYS_TYPES_H 1
#define HAVE_SYS_STAT_H 1
#define HAVE_STDLIB_H 1
#define HAVE_STRING_H 1
#define HAVE_MEMORY_H 1
#define HAVE_STRINGS_H 1
#define HAVE_INTTYPES_H 1
#define HAVE_STDINT_H 1
#define HAVE_UNISTD_H 1
#define HAVE_PWD_H 1
#define HAVE_SYS_UTSNAME_H 1

configure: exit 0
